app/build/intermediates/manifest_merge_blame_file/debug/manifest-merger-blame-debug-report.txt
1<?xml version="1.0" encoding="utf-8"?>
2<manifest xmlns:android="http://schemas.android.com/apk/res/android"
3    package="com.prabhu.womensafetyapp"
4    android:versionCode="1"
5    android:versionName="1.0" >
6
7    <uses-sdk
8        android:minSdkVersion="29"
8-->src\main\AndroidManifest.xml
9        android:targetSdkVersion="30" />
9-->src\main\AndroidManifest.xml
10
11    <uses-permission android:name="android.permission.ACCESS_FINE_LOCATION" />
11-->src\main\AndroidManifest.xml:7:5-79
11-->src\main\AndroidManifest.xml:7:22-76
12    <uses-permission android:name="android.permission.INTERNET" />
12-->src\main\AndroidManifest.xml:8:5-67
12-->src\main\AndroidManifest.xml:8:22-64
13    <uses-permission android:name="android.permission.SEND_SMS" />
13-->src\main\AndroidManifest.xml:9:5-67
13-->src\main\AndroidManifest.xml:9:22-64
14    <uses-permission android:name="android.permission.READ_PHONE_STATE" >
14-->src\main\AndroidManifest.xml:10:5-11:23
14-->src\main\AndroidManifest.xml:10:22-72
15    </uses-permission>
16
17    <application
17-->src\main\AndroidManifest.xml:12:5-59:19
18        android:allowBackup="true"
18-->src\main\AndroidManifest.xml:13:9-35
19        android:debuggable="true"
20        android:extractNativeLibs="false"
21        android:icon="@drawable/ic_launcher"
21-->src\main\AndroidManifest.xml:14:9-45
22        android:label="@string/app_name"
22-->src\main\AndroidManifest.xml:15:9-41
23        android:testOnly="true"
24        android:theme="@style/AppTheme" >
24-->src\main\AndroidManifest.xml:16:9-40
25        <activity
25-->src\main\AndroidManifest.xml:17:9-25:20
26            android:name="com.prabhu.womensafetyapp.MainActivity"
26-->src\main\AndroidManifest.xml:18:13-66
27            android:label="@string/app_name" >
27-->src\main\AndroidManifest.xml:19:13-45
28            <intent-filter>
28-->src\main\AndroidManifest.xml:20:13-24:29
29                <action android:name="android.intent.action.MAIN" />
29-->src\main\AndroidManifest.xml:21:17-69
29-->src\main\AndroidManifest.xml:21:25-66
30
31                <category android:name="android.intent.category.LAUNCHER" />
31-->src\main\AndroidManifest.xml:23:17-77
31-->src\main\AndroidManifest.xml:23:27-74
32            </intent-filter>
33        </activity>
34        <activity
34-->src\main\AndroidManifest.xml:26:9-33:20
35            android:name="com.prabhu.womensafetyapp.Register"
35-->src\main\AndroidManifest.xml:27:13-62
36            android:label="@string/title_activity_register"
36-->src\main\AndroidManifest.xml:28:13-60
37            android:parentActivityName="com.prabhu.womensafetyapp.MainActivity" >
37-->src\main\AndroidManifest.xml:29:13-80
38            <meta-data
38-->src\main\AndroidManifest.xml:30:13-32:74
39                android:name="android.support.PARENT_ACTIVITY"
39-->src\main\AndroidManifest.xml:31:17-63
40                android:value="com.prabhu.womensafetyapp.MainActivity" />
40-->src\main\AndroidManifest.xml:32:17-71
41        </activity>
42        <activity
42-->src\main\AndroidManifest.xml:34:9-41:20
43            android:name="com.prabhu.womensafetyapp.Display"
43-->src\main\AndroidManifest.xml:35:13-61
44            android:label="@string/title_activity_display"
44-->src\main\AndroidManifest.xml:36:13-59
45            android:parentActivityName="com.prabhu.womensafetyapp.MainActivity" >
45-->src\main\AndroidManifest.xml:37:13-80
46            <meta-data
46-->src\main\AndroidManifest.xml:30:13-32:74
47                android:name="android.support.PARENT_ACTIVITY"
47-->src\main\AndroidManifest.xml:31:17-63
48                android:value="com.prabhu.womensafetyapp.MainActivity" />
48-->src\main\AndroidManifest.xml:32:17-71
49        </activity>
50
51        <service android:name="com.prabhu.womensafetyapp.BgService" />
51-->src\main\AndroidManifest.xml:42:9-71
51-->src\main\AndroidManifest.xml:42:18-68
52
53        <activity
53-->src\main\AndroidManifest.xml:43:9-50:20
54            android:name="com.prabhu.womensafetyapp.Instructions"
54-->src\main\AndroidManifest.xml:44:13-66
55            android:label="@string/title_activity_instructions"
55-->src\main\AndroidManifest.xml:45:13-64
56            android:parentActivityName="com.prabhu.womensafetyapp.MainActivity" >
56-->src\main\AndroidManifest.xml:46:13-80
57            <meta-data
57-->src\main\AndroidManifest.xml:30:13-32:74
58                android:name="android.support.PARENT_ACTIVITY"
58-->src\main\AndroidManifest.xml:31:17-63
59                android:value="com.prabhu.womensafetyapp.MainActivity" />
59-->src\main\AndroidManifest.xml:32:17-71
60        </activity>
61        <activity
61-->src\main\AndroidManifest.xml:51:9-58:20
62            android:name="com.prabhu.womensafetyapp.Verify"
62-->src\main\AndroidManifest.xml:52:13-60
63            android:label="@string/title_activity_verify"
63-->src\main\AndroidManifest.xml:53:13-58
64            android:parentActivityName="com.prabhu.womensafetyapp.MainActivity" >
64-->src\main\AndroidManifest.xml:54:13-80
65            <meta-data
65-->src\main\AndroidManifest.xml:30:13-32:74
66                android:name="android.support.PARENT_ACTIVITY"
66-->src\main\AndroidManifest.xml:31:17-63
67                android:value="com.prabhu.womensafetyapp.MainActivity" />
67-->src\main\AndroidManifest.xml:32:17-71
68        </activity>
69    </application>
70
71</manifest>